<?xml version="1.0" encoding="UTF-8"?>
<!-- Generated by org.testng.reporters.JUnitReportReporter -->
<testsuite hostname="DESKTOP-OCT0TNQ" failures="0" tests="1" name="tests.UserLoginTest" time="3.736" errors="0" timestamp="2024-02-18T12:18:22 EET" skipped="0">
  <testcase classname="tests.UserLoginTest" name="usercanloginsuccessfully" time="3.736"/>
  <system-out/>
</testsuite> <!-- tests.UserLoginTest -->
