<?xml version="1.0" encoding="UTF-8"?>
<!-- Generated by org.testng.reporters.JUnitReportReporter -->
<testsuite hostname="DESKTOP-OCT0TNQ" failures="0" tests="1" name="rest_assured.resttestcases" time="2.733" errors="0" timestamp="2024-02-17T19:54:17 EET" skipped="0">
  <testcase classname="rest_assured.resttestcases" name="testUpdatePost" time="2.733"/>
  <system-out/>
</testsuite> <!-- rest_assured.resttestcases -->
