<?xml version="1.0" encoding="UTF-8"?>
<!-- Generated by org.testng.reporters.JUnitReportReporter -->
<testsuite hostname="DESKTOP-OCT0TNQ" failures="0" tests="9" name="rest_assured.resttestcasess$JsonPlaceholderTest" time="7.170" errors="0" timestamp="2024-02-19T12:53:23 EET" skipped="0">
  <testcase classname="rest_assured.resttestcasess$JsonPlaceholderTest" name="testGetListOfUsers" time="0.273"/>
  <system-out/>
  <testcase classname="rest_assured.resttestcasess$JsonPlaceholderTest" name="testValidatePostsForUser" time="0.391"/>
  <system-out/>
  <testcase classname="rest_assured.resttestcasess$JsonPlaceholderTest" name="testGetListOfPosts" time="3.570"/>
  <system-out/>
  <testcase classname="rest_assured.resttestcasess$JsonPlaceholderTest" name="testInvalidUserID" time="0.600"/>
  <system-out/>
  <testcase classname="rest_assured.resttestcasess$JsonPlaceholderTest" name="testValidateNameUsernameEmailForUser" time="0.347"/>
  <system-out/>
  <testcase classname="rest_assured.resttestcasess$JsonPlaceholderTest" name="testInvalidPostID" time="0.569"/>
  <system-out/>
  <testcase classname="rest_assured.resttestcasess$JsonPlaceholderTest" name="testGetSingleUser" time="0.383"/>
  <system-out/>
  <testcase classname="rest_assured.resttestcasess$JsonPlaceholderTest" name="testInvalidUserIDForPosts" time="0.630"/>
  <system-out/>
  <testcase classname="rest_assured.resttestcasess$JsonPlaceholderTest" name="testGetPostById" time="0.407"/>
  <system-out/>
</testsuite> <!-- rest_assured.resttestcasess$JsonPlaceholderTest -->
